{"F:\\DICODING ACADEMY\\auth-api\\src\\Applications\\security\\PasswordHash.js": {"path":"F:\\DICODING ACADEMY\\auth-api\\src\\Applications\\security\\PasswordHash.js","statementMap":{"0":{"start":{"line":6,"column":4},"end":{"line":6,"column":60}},"1":{"start":{"line":10,"column":0},"end":{"line":10,"column":30}}},"fnMap":{"0":{"name":"(anonymous_0)","decl":{"start":{"line":5,"column":2},"end":{"line":5,"column":3}},"loc":{"start":{"line":5,"column":23},"end":{"line":7,"column":3}},"line":5}},"branchMap":{},"s":{"0":1,"1":3},"f":{"0":1},"b":{},"_coverageSchema":"1a1c01bbd47fc00a2c39e90264f33305004495a9","hash":"bd76a9499d936fecc887fc493d65a2702b845966"}
,"F:\\DICODING ACADEMY\\auth-api\\src\\Applications\\use_case\\AddUserUseCase.js": {"path":"F:\\DICODING ACADEMY\\auth-api\\src\\Applications\\use_case\\AddUserUseCase.js","statementMap":{"0":{"start":{"line":2,"column":21},"end":{"line":2,"column":73}},"1":{"start":{"line":6,"column":4},"end":{"line":6,"column":42}},"2":{"start":{"line":7,"column":4},"end":{"line":7,"column":38}},"3":{"start":{"line":11,"column":25},"end":{"line":11,"column":57}},"4":{"start":{"line":12,"column":4},"end":{"line":12,"column":78}},"5":{"start":{"line":13,"column":4},"end":{"line":13,"column":81}},"6":{"start":{"line":14,"column":4},"end":{"line":14,"column":54}},"7":{"start":{"line":18,"column":0},"end":{"line":18,"column":32}}},"fnMap":{"0":{"name":"(anonymous_0)","decl":{"start":{"line":5,"column":2},"end":{"line":5,"column":3}},"loc":{"start":{"line":5,"column":48},"end":{"line":8,"column":3}},"line":5},"1":{"name":"(anonymous_1)","decl":{"start":{"line":10,"column":2},"end":{"line":10,"column":3}},"loc":{"start":{"line":10,"column":32},"end":{"line":15,"column":3}},"line":10}},"branchMap":{},"s":{"0":1,"1":1,"2":1,"3":1,"4":1,"5":1,"6":1,"7":1},"f":{"0":1,"1":1},"b":{},"_coverageSchema":"1a1c01bbd47fc00a2c39e90264f33305004495a9","hash":"6ca194c139e64c9bb372045404548b346100999a"}
,"F:\\DICODING ACADEMY\\auth-api\\src\\Commons\\exceptions\\AuthenticationError.js": {"path":"F:\\DICODING ACADEMY\\auth-api\\src\\Commons\\exceptions\\AuthenticationError.js","statementMap":{"0":{"start":{"line":1,"column":20},"end":{"line":1,"column":44}},"1":{"start":{"line":5,"column":4},"end":{"line":5,"column":24}},"2":{"start":{"line":6,"column":4},"end":{"line":6,"column":38}},"3":{"start":{"line":10,"column":0},"end":{"line":10,"column":37}}},"fnMap":{"0":{"name":"(anonymous_0)","decl":{"start":{"line":4,"column":2},"end":{"line":4,"column":3}},"loc":{"start":{"line":4,"column":23},"end":{"line":7,"column":3}},"line":4}},"branchMap":{},"s":{"0":1,"1":1,"2":1,"3":1},"f":{"0":1},"b":{},"_coverageSchema":"1a1c01bbd47fc00a2c39e90264f33305004495a9","hash":"d23f6de4e5f261479d2ff63837a1fbaa1d9ad494"}
,"F:\\DICODING ACADEMY\\auth-api\\src\\Commons\\exceptions\\ClientError.js": {"path":"F:\\DICODING ACADEMY\\auth-api\\src\\Commons\\exceptions\\ClientError.js","statementMap":{"0":{"start":{"line":3,"column":4},"end":{"line":3,"column":19}},"1":{"start":{"line":5,"column":4},"end":{"line":7,"column":5}},"2":{"start":{"line":6,"column":6},"end":{"line":6,"column":59}},"3":{"start":{"line":9,"column":4},"end":{"line":9,"column":33}},"4":{"start":{"line":10,"column":4},"end":{"line":10,"column":30}},"5":{"start":{"line":14,"column":0},"end":{"line":14,"column":29}}},"fnMap":{"0":{"name":"(anonymous_0)","decl":{"start":{"line":2,"column":2},"end":{"line":2,"column":3}},"loc":{"start":{"line":2,"column":41},"end":{"line":11,"column":3}},"line":2}},"branchMap":{"0":{"loc":{"start":{"line":2,"column":23},"end":{"line":2,"column":39}},"type":"default-arg","locations":[{"start":{"line":2,"column":36},"end":{"line":2,"column":39}}],"line":2},"1":{"loc":{"start":{"line":5,"column":4},"end":{"line":7,"column":5}},"type":"if","locations":[{"start":{"line":5,"column":4},"end":{"line":7,"column":5}},{"start":{},"end":{}}],"line":5}},"s":{"0":4,"1":4,"2":1,"3":3,"4":3,"5":4},"f":{"0":4},"b":{"0":[2],"1":[1,3]},"_coverageSchema":"1a1c01bbd47fc00a2c39e90264f33305004495a9","hash":"8278ebbb482a4e200d3c6d96c521084cb80dfde8"}
,"F:\\DICODING ACADEMY\\auth-api\\src\\Commons\\exceptions\\InvariantError.js": {"path":"F:\\DICODING ACADEMY\\auth-api\\src\\Commons\\exceptions\\InvariantError.js","statementMap":{"0":{"start":{"line":1,"column":20},"end":{"line":1,"column":44}},"1":{"start":{"line":5,"column":4},"end":{"line":5,"column":19}},"2":{"start":{"line":6,"column":4},"end":{"line":6,"column":33}},"3":{"start":{"line":10,"column":0},"end":{"line":10,"column":32}}},"fnMap":{"0":{"name":"(anonymous_0)","decl":{"start":{"line":4,"column":2},"end":{"line":4,"column":3}},"loc":{"start":{"line":4,"column":23},"end":{"line":7,"column":3}},"line":4}},"branchMap":{},"s":{"0":1,"1":1,"2":1,"3":1},"f":{"0":1},"b":{},"_coverageSchema":"1a1c01bbd47fc00a2c39e90264f33305004495a9","hash":"f6eb44d6efc24f1b38cb82e93ee184b0781b96e8"}
,"F:\\DICODING ACADEMY\\auth-api\\src\\Commons\\exceptions\\NotFoundError.js": {"path":"F:\\DICODING ACADEMY\\auth-api\\src\\Commons\\exceptions\\NotFoundError.js","statementMap":{"0":{"start":{"line":1,"column":20},"end":{"line":1,"column":44}},"1":{"start":{"line":5,"column":4},"end":{"line":5,"column":24}},"2":{"start":{"line":6,"column":4},"end":{"line":6,"column":32}},"3":{"start":{"line":10,"column":0},"end":{"line":10,"column":31}}},"fnMap":{"0":{"name":"(anonymous_0)","decl":{"start":{"line":4,"column":2},"end":{"line":4,"column":3}},"loc":{"start":{"line":4,"column":23},"end":{"line":7,"column":3}},"line":4}},"branchMap":{},"s":{"0":1,"1":1,"2":1,"3":1},"f":{"0":1},"b":{},"_coverageSchema":"1a1c01bbd47fc00a2c39e90264f33305004495a9","hash":"2e2fb3c9f26a9b1c2003cb5df136442b09585da2"}
,"F:\\DICODING ACADEMY\\auth-api\\src\\Domains\\users\\UserRepository.js": {"path":"F:\\DICODING ACADEMY\\auth-api\\src\\Domains\\users\\UserRepository.js","statementMap":{"0":{"start":{"line":4,"column":4},"end":{"line":4,"column":62}},"1":{"start":{"line":8,"column":4},"end":{"line":8,"column":62}},"2":{"start":{"line":12,"column":0},"end":{"line":12,"column":32}}},"fnMap":{"0":{"name":"(anonymous_0)","decl":{"start":{"line":3,"column":2},"end":{"line":3,"column":3}},"loc":{"start":{"line":3,"column":30},"end":{"line":5,"column":3}},"line":3},"1":{"name":"(anonymous_1)","decl":{"start":{"line":7,"column":2},"end":{"line":7,"column":3}},"loc":{"start":{"line":7,"column":42},"end":{"line":9,"column":3}},"line":7}},"branchMap":{},"s":{"0":1,"1":1,"2":2},"f":{"0":1,"1":1},"b":{},"_coverageSchema":"1a1c01bbd47fc00a2c39e90264f33305004495a9","hash":"30f0f8ff1f50487379de6eb3cb9395121ec6d965"}
,"F:\\DICODING ACADEMY\\auth-api\\src\\Domains\\users\\entities\\RegisterUser.js": {"path":"F:\\DICODING ACADEMY\\auth-api\\src\\Domains\\users\\entities\\RegisterUser.js","statementMap":{"0":{"start":{"line":3,"column":4},"end":{"line":5,"column":5}},"1":{"start":{"line":4,"column":6},"end":{"line":4,"column":67}},"2":{"start":{"line":7,"column":4},"end":{"line":9,"column":5}},"3":{"start":{"line":8,"column":6},"end":{"line":8,"column":72}},"4":{"start":{"line":11,"column":4},"end":{"line":13,"column":5}},"5":{"start":{"line":12,"column":6},"end":{"line":12,"column":59}},"6":{"start":{"line":15,"column":4},"end":{"line":17,"column":5}},"7":{"start":{"line":16,"column":6},"end":{"line":16,"column":77}},"8":{"start":{"line":19,"column":4},"end":{"line":19,"column":29}},"9":{"start":{"line":20,"column":4},"end":{"line":20,"column":29}},"10":{"start":{"line":21,"column":4},"end":{"line":21,"column":29}},"11":{"start":{"line":25,"column":0},"end":{"line":25,"column":30}}},"fnMap":{"0":{"name":"(anonymous_0)","decl":{"start":{"line":2,"column":2},"end":{"line":2,"column":3}},"loc":{"start":{"line":2,"column":48},"end":{"line":22,"column":3}},"line":2}},"branchMap":{"0":{"loc":{"start":{"line":3,"column":4},"end":{"line":5,"column":5}},"type":"if","locations":[{"start":{"line":3,"column":4},"end":{"line":5,"column":5}},{"start":{},"end":{}}],"line":3},"1":{"loc":{"start":{"line":3,"column":8},"end":{"line":3,"column":43}},"type":"binary-expr","locations":[{"start":{"line":3,"column":8},"end":{"line":3,"column":17}},{"start":{"line":3,"column":21},"end":{"line":3,"column":30}},{"start":{"line":3,"column":34},"end":{"line":3,"column":43}}],"line":3},"2":{"loc":{"start":{"line":7,"column":4},"end":{"line":9,"column":5}},"type":"if","locations":[{"start":{"line":7,"column":4},"end":{"line":9,"column":5}},{"start":{},"end":{}}],"line":7},"3":{"loc":{"start":{"line":7,"column":8},"end":{"line":7,"column":106}},"type":"binary-expr","locations":[{"start":{"line":7,"column":8},"end":{"line":7,"column":38}},{"start":{"line":7,"column":42},"end":{"line":7,"column":72}},{"start":{"line":7,"column":76},"end":{"line":7,"column":106}}],"line":7},"4":{"loc":{"start":{"line":11,"column":4},"end":{"line":13,"column":5}},"type":"if","locations":[{"start":{"line":11,"column":4},"end":{"line":13,"column":5}},{"start":{},"end":{}}],"line":11},"5":{"loc":{"start":{"line":15,"column":4},"end":{"line":17,"column":5}},"type":"if","locations":[{"start":{"line":15,"column":4},"end":{"line":17,"column":5}},{"start":{},"end":{}}],"line":15}},"s":{"0":7,"1":1,"2":6,"3":1,"4":5,"5":1,"6":4,"7":1,"8":3,"9":3,"10":3,"11":2},"f":{"0":7},"b":{"0":[1,6],"1":[7,7,7],"2":[1,5],"3":[6,5,5],"4":[1,4],"5":[1,3]},"_coverageSchema":"1a1c01bbd47fc00a2c39e90264f33305004495a9","hash":"0be5deff3701cab5ebe1bd52888183e8c9e6ed1d"}
,"F:\\DICODING ACADEMY\\auth-api\\src\\Domains\\users\\entities\\RegisteredUser.js": {"path":"F:\\DICODING ACADEMY\\auth-api\\src\\Domains\\users\\entities\\RegisteredUser.js","statementMap":{"0":{"start":{"line":5,"column":4},"end":{"line":5,"column":33}},"1":{"start":{"line":7,"column":39},"end":{"line":7,"column":46}},"2":{"start":{"line":9,"column":4},"end":{"line":9,"column":17}},"3":{"start":{"line":10,"column":4},"end":{"line":10,"column":29}},"4":{"start":{"line":11,"column":4},"end":{"line":11,"column":29}},"5":{"start":{"line":15,"column":4},"end":{"line":17,"column":5}},"6":{"start":{"line":16,"column":6},"end":{"line":16,"column":69}},"7":{"start":{"line":19,"column":4},"end":{"line":21,"column":5}},"8":{"start":{"line":20,"column":6},"end":{"line":20,"column":74}},"9":{"start":{"line":25,"column":0},"end":{"line":25,"column":32}}},"fnMap":{"0":{"name":"(anonymous_0)","decl":{"start":{"line":4,"column":2},"end":{"line":4,"column":3}},"loc":{"start":{"line":4,"column":23},"end":{"line":12,"column":3}},"line":4},"1":{"name":"(anonymous_1)","decl":{"start":{"line":14,"column":2},"end":{"line":14,"column":3}},"loc":{"start":{"line":14,"column":45},"end":{"line":22,"column":3}},"line":14}},"branchMap":{"0":{"loc":{"start":{"line":15,"column":4},"end":{"line":17,"column":5}},"type":"if","locations":[{"start":{"line":15,"column":4},"end":{"line":17,"column":5}},{"start":{},"end":{}}],"line":15},"1":{"loc":{"start":{"line":15,"column":8},"end":{"line":15,"column":37}},"type":"binary-expr","locations":[{"start":{"line":15,"column":8},"end":{"line":15,"column":11}},{"start":{"line":15,"column":15},"end":{"line":15,"column":24}},{"start":{"line":15,"column":28},"end":{"line":15,"column":37}}],"line":15},"2":{"loc":{"start":{"line":19,"column":4},"end":{"line":21,"column":5}},"type":"if","locations":[{"start":{"line":19,"column":4},"end":{"line":21,"column":5}},{"start":{},"end":{}}],"line":19},"3":{"loc":{"start":{"line":19,"column":8},"end":{"line":19,"column":94}},"type":"binary-expr","locations":[{"start":{"line":19,"column":8},"end":{"line":19,"column":30}},{"start":{"line":19,"column":34},"end":{"line":19,"column":62}},{"start":{"line":19,"column":66},"end":{"line":19,"column":94}}],"line":19}},"s":{"0":5,"1":3,"2":3,"3":3,"4":3,"5":5,"6":1,"7":4,"8":1,"9":2},"f":{"0":5,"1":5},"b":{"0":[1,4],"1":[5,4,4],"2":[1,3],"3":[4,3,3]},"_coverageSchema":"1a1c01bbd47fc00a2c39e90264f33305004495a9","hash":"159ecd5e4ccde8a8e96f3fbcdcfd101aea1e9be2"}
,"F:\\DICODING ACADEMY\\auth-api\\src\\Infrastructures\\security\\BcryptPasswordHash.js": {"path":"F:\\DICODING ACADEMY\\auth-api\\src\\Infrastructures\\security\\BcryptPasswordHash.js","statementMap":{"0":{"start":{"line":2,"column":21},"end":{"line":2,"column":72}},"1":{"start":{"line":6,"column":4},"end":{"line":6,"column":12}},"2":{"start":{"line":7,"column":4},"end":{"line":7,"column":26}},"3":{"start":{"line":8,"column":4},"end":{"line":8,"column":32}},"4":{"start":{"line":12,"column":4},"end":{"line":12,"column":56}},"5":{"start":{"line":16,"column":0},"end":{"line":16,"column":36}}},"fnMap":{"0":{"name":"(anonymous_0)","decl":{"start":{"line":5,"column":2},"end":{"line":5,"column":3}},"loc":{"start":{"line":5,"column":38},"end":{"line":9,"column":3}},"line":5},"1":{"name":"(anonymous_1)","decl":{"start":{"line":11,"column":2},"end":{"line":11,"column":3}},"loc":{"start":{"line":11,"column":23},"end":{"line":13,"column":3}},"line":11}},"branchMap":{"0":{"loc":{"start":{"line":5,"column":22},"end":{"line":5,"column":36}},"type":"default-arg","locations":[{"start":{"line":5,"column":34},"end":{"line":5,"column":36}}],"line":5}},"s":{"0":1,"1":1,"2":1,"3":1,"4":1,"5":1},"f":{"0":1,"1":1},"b":{"0":[1]},"_coverageSchema":"1a1c01bbd47fc00a2c39e90264f33305004495a9","hash":"921aad96de99d0f78aa6affc51e6a0766d484986"}
}
